INFO: cmd_ln.c(691): Parsing command line:
sphinx_jsgf2fsg \
	-jsgf voiceloop.jsgf.7003 \
	-fsm voiceloop.fsm \
	-symtab voiceloop.sym 

Current configuration:
[NAME]		[DEFLT]	[VALUE]
-compile	no	no
-fsg			
-fsm			voiceloop.fsm
-help		no	no
-jsgf			voiceloop.jsgf.7003
-rule			
-symtab			voiceloop.sym

INFO: jsgf.c(581): Defined rule: PUBLIC <voiceloop.voiceloop>
INFO: jsgf.c(581): Defined rule: <voiceloop.g00001>
INFO: jsgf.c(581): Defined rule: <voiceloop.voiceloop_broadcast>
INFO: jsgf.c(581): Defined rule: <voiceloop.g00003>
INFO: jsgf.c(581): Defined rule: <voiceloop.voiceloop_standard>
INFO: jsgf.c(581): Defined rule: <voiceloop.speaker>
INFO: jsgf.c(581): Defined rule: <voiceloop.g00006>
INFO: jsgf.c(581): Defined rule: <voiceloop.target>
INFO: jsgf.c(581): Defined rule: <voiceloop.g00008>
INFO: jsgf.c(581): Defined rule: <voiceloop.content>
INFO: jsgf.c(581): Defined rule: <voiceloop.g00010>
INFO: jsgf.c(581): Defined rule: <fill.start>
INFO: jsgf.c(581): Defined rule: <voiceloop.g00012>
INFO: jsgf.c(581): Defined rule: <fill.end>
INFO: jsgf.c(581): Defined rule: <voiceloop.g00014>
INFO: jsgf.c(581): Defined rule: <fill.startOrEndFill>
INFO: jsgf.c(581): Defined rule: <voiceloop.g00016>
INFO: jsgf.c(581): Defined rule: <fromto.from1>
INFO: jsgf.c(581): Defined rule: <fromto.from2>
INFO: jsgf.c(581): Defined rule: <fromto.to>
INFO: jsgf.c(581): Defined rule: <voiceloop.g00020>
INFO: jsgf.c(581): Defined rule: <voiceloop.g00021>
INFO: jsgf.c(581): Defined rule: <polite.start>
INFO: jsgf.c(581): Defined rule: <voiceloop.g00023>
INFO: jsgf.c(581): Defined rule: <voiceloop.g00024>
INFO: jsgf.c(581): Defined rule: <voiceloop.g00025>
INFO: jsgf.c(581): Defined rule: <voiceloop.g00026>
INFO: jsgf.c(581): Defined rule: <polite.to>
INFO: jsgf.c(581): Defined rule: <voiceloop.g00028>
INFO: jsgf.c(581): Defined rule: <polite.end>
INFO: jsgf.c(581): Defined rule: <voiceloop.g00030>
INFO: jsgf.c(581): Defined rule: <polite.loopend>
INFO: jsgf.c(581): Defined rule: <voiceloop.g00032>
INFO: jsgf.c(581): Defined rule: <phoneticAlphabet.spelling>
INFO: jsgf.c(581): Defined rule: <phoneticAlphabet.spelling-letter>
INFO: jsgf.c(581): Defined rule: <demo.content>
INFO: jsgf.c(581): Defined rule: <demo.content_lim>
INFO: jsgf.c(581): Defined rule: <demo.content_inv>
INFO: jsgf.c(581): Defined rule: <voiceloop.g00038>
INFO: jsgf.c(581): Defined rule: <demo.content_repeat>
INFO: jsgf.c(581): Defined rule: <demo.content_copy>
INFO: jsgf.c(581): Defined rule: <demo.content_roll>
INFO: jsgf.c(353): Right recursion <voiceloop.g00021> 40 => 36
INFO: jsgf.c(353): Right recursion <voiceloop.g00032> 72 => 68
INFO: jsgf.c(353): Right recursion <voiceloop.g00021> 200 => 196
INFO: jsgf.c(353): Right recursion <voiceloop.g00032> 232 => 228
INFO: jsgf.c(353): Right recursion <voiceloop.g00024> 337 => 334
INFO: jsgf.c(353): Right recursion <voiceloop.g00026> 342 => 338
INFO: jsgf.c(353): Right recursion <voiceloop.g00021> 400 => 396
INFO: jsgf.c(353): Right recursion <voiceloop.g00032> 432 => 428
INFO: fsg_model.c(891): Writing FSM file 'voiceloop.fsm'
INFO: fsg_model.c(922): Writing FSM symbol table 'voiceloop.sym'
