INFO: cmd_ln.c(691): Parsing command line:
sphinx_jsgf2fsg \
	-jsgf voiceloop.jsgf.30375 \
	-fsm voiceloop.fsm \
	-symtab voiceloop.sym 

Current configuration:
[NAME]		[DEFLT]	[VALUE]
-compile	no	no
-fsg			
-fsm			voiceloop.fsm
-help		no	no
-jsgf			voiceloop.jsgf.30375
-rule			
-symtab			voiceloop.sym

INFO: jsgf.c(581): Defined rule: PUBLIC <voiceloop.voiceloop>
INFO: jsgf.c(581): Defined rule: <voiceloop.voiceloop_broadcast>
INFO: jsgf.c(581): Defined rule: <voiceloop.voiceloop_standard>
INFO: jsgf.c(581): Defined rule: <voiceloop.role_from>
INFO: jsgf.c(581): Defined rule: <voiceloop.role_to>
INFO: jsgf.c(581): Defined rule: <voiceloop.msg>
INFO: jsgf.c(581): Defined rule: <voiceloop.msg_lim>
INFO: jsgf.c(581): Defined rule: <voiceloop.msg_inv>
INFO: jsgf.c(581): Defined rule: <voiceloop.msg_hi>
INFO: jsgf.c(581): Defined rule: <voiceloop.msg_repeat>
INFO: jsgf.c(581): Defined rule: <voiceloop.loop>
INFO: fsg_model.c(891): Writing FSM file 'voiceloop.fsm'
INFO: fsg_model.c(922): Writing FSM symbol table 'voiceloop.sym'
